<?xml version="1.0" encoding="UTF-8"?>
<testsuite xmlns:xsi="http://www.w3.org/2001/XMLSchema-instance" xsi:noNamespaceSchemaLocation="https://maven.apache.org/surefire/maven-surefire-plugin/xsd/surefire-test-report.xsd" version="3.0.2" name="org.apache.commons.dbutils.QueryRunnerTest" time="0.249" tests="57" errors="0" skipped="0" failures="0">
  <properties>
    <property name="java.specification.version" value="19"/>
    <property name="sun.cpu.isalist" value="amd64"/>
    <property name="sun.jnu.encoding" value="Cp1252"/>
    <property name="java.class.path" value="C:\Users\Usuario\git\commons-dbutils\target\test-classes;C:\Users\Usuario\git\commons-dbutils\target\classes;C:\Users\Usuario\.m2\repository\org\junit\jupiter\junit-jupiter\5.11.2\junit-jupiter-5.11.2.jar;C:\Users\Usuario\.m2\repository\org\junit\jupiter\junit-jupiter-api\5.11.2\junit-jupiter-api-5.11.2.jar;C:\Users\Usuario\.m2\repository\org\opentest4j\opentest4j\1.3.0\opentest4j-1.3.0.jar;C:\Users\Usuario\.m2\repository\org\junit\platform\junit-platform-commons\1.11.2\junit-platform-commons-1.11.2.jar;C:\Users\Usuario\.m2\repository\org\apiguardian\apiguardian-api\1.1.2\apiguardian-api-1.1.2.jar;C:\Users\Usuario\.m2\repository\org\junit\jupiter\junit-jupiter-params\5.11.2\junit-jupiter-params-5.11.2.jar;C:\Users\Usuario\.m2\repository\org\junit\jupiter\junit-jupiter-engine\5.11.2\junit-jupiter-engine-5.11.2.jar;C:\Users\Usuario\.m2\repository\org\junit\platform\junit-platform-engine\1.11.2\junit-platform-engine-1.11.2.jar;C:\Users\Usuario\.m2\repository\org\mockito\mockito-junit-jupiter\5.15.2\mockito-junit-jupiter-5.15.2.jar;C:\Users\Usuario\.m2\repository\org\mockito\mockito-core\5.15.2\mockito-core-5.15.2.jar;C:\Users\Usuario\.m2\repository\net\bytebuddy\byte-buddy\1.15.11\byte-buddy-1.15.11.jar;C:\Users\Usuario\.m2\repository\net\bytebuddy\byte-buddy-agent\1.15.11\byte-buddy-agent-1.15.11.jar;C:\Users\Usuario\.m2\repository\org\objenesis\objenesis\3.3\objenesis-3.3.jar;C:\Users\Usuario\.m2\repository\org\apache\commons\commons-lang3\3.17.0\commons-lang3-3.17.0.jar;"/>
    <property name="java.vm.vendor" value="Oracle Corporation"/>
    <property name="sun.arch.data.model" value="64"/>
    <property name="user.variant" value=""/>
    <property name="java.vendor.url" value="https://java.oracle.com/"/>
    <property name="user.timezone" value="Europe/Madrid"/>
    <property name="os.name" value="Windows 11"/>
    <property name="java.vm.specification.version" value="19"/>
    <property name="sun.java.launcher" value="SUN_STANDARD"/>
    <property name="user.country" value="ES"/>
    <property name="sun.boot.library.path" value="C:\Program Files\Java\jdk-19\bin"/>
    <property name="sun.java.command" value="C:\Users\Usuario\AppData\Local\Temp\surefire10094653732078665591\surefirebooter-20250104125829492_3.jar C:\Users\Usuario\AppData\Local\Temp\surefire10094653732078665591 2025-01-04T12-58-29_402-jvmRun1 surefire-20250104125829492_1tmp surefire_0-20250104125829492_2tmp"/>
    <property name="jdk.debug" value="release"/>
    <property name="surefire.test.class.path" value="C:\Users\Usuario\git\commons-dbutils\target\test-classes;C:\Users\Usuario\git\commons-dbutils\target\classes;C:\Users\Usuario\.m2\repository\org\junit\jupiter\junit-jupiter\5.11.2\junit-jupiter-5.11.2.jar;C:\Users\Usuario\.m2\repository\org\junit\jupiter\junit-jupiter-api\5.11.2\junit-jupiter-api-5.11.2.jar;C:\Users\Usuario\.m2\repository\org\opentest4j\opentest4j\1.3.0\opentest4j-1.3.0.jar;C:\Users\Usuario\.m2\repository\org\junit\platform\junit-platform-commons\1.11.2\junit-platform-commons-1.11.2.jar;C:\Users\Usuario\.m2\repository\org\apiguardian\apiguardian-api\1.1.2\apiguardian-api-1.1.2.jar;C:\Users\Usuario\.m2\repository\org\junit\jupiter\junit-jupiter-params\5.11.2\junit-jupiter-params-5.11.2.jar;C:\Users\Usuario\.m2\repository\org\junit\jupiter\junit-jupiter-engine\5.11.2\junit-jupiter-engine-5.11.2.jar;C:\Users\Usuario\.m2\repository\org\junit\platform\junit-platform-engine\1.11.2\junit-platform-engine-1.11.2.jar;C:\Users\Usuario\.m2\repository\org\mockito\mockito-junit-jupiter\5.15.2\mockito-junit-jupiter-5.15.2.jar;C:\Users\Usuario\.m2\repository\org\mockito\mockito-core\5.15.2\mockito-core-5.15.2.jar;C:\Users\Usuario\.m2\repository\net\bytebuddy\byte-buddy\1.15.11\byte-buddy-1.15.11.jar;C:\Users\Usuario\.m2\repository\net\bytebuddy\byte-buddy-agent\1.15.11\byte-buddy-agent-1.15.11.jar;C:\Users\Usuario\.m2\repository\org\objenesis\objenesis\3.3\objenesis-3.3.jar;C:\Users\Usuario\.m2\repository\org\apache\commons\commons-lang3\3.17.0\commons-lang3-3.17.0.jar;"/>
    <property name="sun.cpu.endian" value="little"/>
    <property name="user.home" value="C:\Users\Usuario"/>
    <property name="user.language" value="es"/>
    <property name="java.specification.vendor" value="Oracle Corporation"/>
    <property name="java.version.date" value="2023-01-17"/>
    <property name="java.home" value="C:\Program Files\Java\jdk-19"/>
    <property name="file.separator" value="\"/>
    <property name="basedir" value="C:\Users\Usuario\git\commons-dbutils"/>
    <property name="java.vm.compressedOopsMode" value="Zero based"/>
    <property name="line.separator" value="&#10;"/>
    <property name="java.vm.specification.vendor" value="Oracle Corporation"/>
    <property name="java.specification.name" value="Java Platform API Specification"/>
    <property name="surefire.real.class.path" value="C:\Users\Usuario\AppData\Local\Temp\surefire10094653732078665591\surefirebooter-20250104125829492_3.jar"/>
    <property name="user.script" value=""/>
    <property name="sun.management.compiler" value="HotSpot 64-Bit Tiered Compilers"/>
    <property name="java.runtime.version" value="19.0.2+7-44"/>
    <property name="user.name" value="Usuario"/>
    <property name="stdout.encoding" value="Cp1252"/>
    <property name="path.separator" value=";"/>
    <property name="os.version" value="10.0"/>
    <property name="java.runtime.name" value="Java(TM) SE Runtime Environment"/>
    <property name="file.encoding" value="UTF-8"/>
    <property name="java.vm.name" value="Java HotSpot(TM) 64-Bit Server VM"/>
    <property name="localRepository" value="C:\Users\Usuario\.m2\repository"/>
    <property name="java.vendor.url.bug" value="https://bugreport.java.com/bugreport/"/>
    <property name="java.io.tmpdir" value="C:\Users\Usuario\AppData\Local\Temp\"/>
    <property name="java.version" value="19.0.2"/>
    <property name="user.dir" value="C:\Users\Usuario\git\commons-dbutils"/>
    <property name="os.arch" value="amd64"/>
    <property name="java.vm.specification.name" value="Java Virtual Machine Specification"/>
    <property name="sun.os.patch.level" value=""/>
    <property name="native.encoding" value="Cp1252"/>
    <property name="java.library.path" value="C:\Program Files\Java\jdk-19\bin;C:\WINDOWS\Sun\Java\bin;C:\WINDOWS\system32;C:\WINDOWS;C:\Program Files\Common Files\Siemens\Automation\Simatic OAM\bin;C:\Program Files (x86)\Common Files\Siemens\Bin;C:\Program Files (x86)\Common Files\Siemens\CommonArchiving;C:\Program Files (x86)\Common Files\Siemens\ACE\Bin;C:\Program Files (x86)\Siemens\Automation\SCADA-RT_V11\WinCC\Bin;C:\Program Files\Common Files\Oracle\Java\javapath;C:\Program Files (x86)\Common Files\Oracle\Java\javapath;C:\WINDOWS\system32;C:\WINDOWS;C:\WINDOWS\System32\Wbem;C:\WINDOWS\System32\WindowsPowerShell\v1.0\;C:\WINDOWS\System32\OpenSSH\;C:\Program Files\PuTTY\;C:\Program Files\dotnet\;C:\Program Files\NVIDIA Corporation\NVIDIA NvDLISR;C:\Program Files (x86)\NVIDIA Corporation\PhysX\Common;C:\Program Files (x86)\Windows Kits\10\Windows Performance Toolkit\;C:\Program Files (x86)\Siemens\Automation\SCADA-RT_V11\WinCC\Interfaces;C:\Program Files (x86)\Common Files\Siemens\;C:\Program Files (x86)\Common Files\Siemens\Interfaces;C:\Program Files (x86)\Common Files\Siemens\ACE\Interfaces;C:\Program Files\Microsoft SQL Server\Client SDK\ODBC\130\Tools\Binn\;C:\Program Files (x86)\Microsoft SQL Server\130\Tools\Binn\;C:\Program Files\Microsoft SQL Server\130\Tools\Binn\;C:\Program Files\Microsoft SQL Server\130\DTS\Binn\;C:\Program Files\PowerShell\7\;C:\ProgramData\chocolatey\bin;C:\Program Files\Git\cmd;C:\Program Files\Kubernetes\Minikube;;C:\minikube;C:\Program Files\Docker\Docker\resources\bin;C:\Users\Usuario\AppData\Local\Programs\Python\Python311\Scripts\;C:\Users\Usuario\AppData\Local\Programs\Python\Python311\;C:\Users\Usuario\AppData\Local\Microsoft\WindowsApps;C:\Users\Usuario\AppData\Local\Programs\Microsoft VS Code\bin;C:\MinGW\bin;C:\Users\Usuario\AppData\Local\Programs\Python\Python311;C:\Users\Usuario\AppData\Local\Programs\Python\Python311\Scripts;C:\Users\Usuario\.dotnet\tools;C:\Users\Usuario\Downloads\apache-maven-3.9.9-bin\apache-maven-3.9.9\bin;C:\Program Files\RabbitMQ Server\rabbitmq_server-4.0.3\sbin;;."/>
    <property name="java.vm.info" value="mixed mode, sharing"/>
    <property name="stderr.encoding" value="Cp1252"/>
    <property name="java.vendor" value="Oracle Corporation"/>
    <property name="java.vm.version" value="19.0.2+7-44"/>
    <property name="sun.io.unicode.encoding" value="UnicodeLittle"/>
    <property name="java.class.version" value="63.0"/>
  </properties>
  <testcase name="testNoParamsUpdate" classname="org.apache.commons.dbutils.QueryRunnerTest" time="0.015"/>
  <testcase name="testFillStatementWithBean" classname="org.apache.commons.dbutils.QueryRunnerTest" time="0.0"/>
  <testcase name="testStatementConfiguration" classname="org.apache.commons.dbutils.QueryRunnerTest" time="0.016"/>
  <testcase name="testNullHandlerQuery" classname="org.apache.commons.dbutils.QueryRunnerTest" time="0.0"/>
  <testcase name="testNoParamsExecuteWithResultSet" classname="org.apache.commons.dbutils.QueryRunnerTest" time="0.0"/>
  <testcase name="testGoodExecute" classname="org.apache.commons.dbutils.QueryRunnerTest" time="0.015"/>
  <testcase name="testGoodInsert" classname="org.apache.commons.dbutils.QueryRunnerTest" time="0.0"/>
  <testcase name="testGoodExecuteWithResultSetPmdTrue" classname="org.apache.commons.dbutils.QueryRunnerTest" time="0.0"/>
  <testcase name="testGoodUpdatePmdTrue" classname="org.apache.commons.dbutils.QueryRunnerTest" time="0.016"/>
  <testcase name="testExecuteUpdateException" classname="org.apache.commons.dbutils.QueryRunnerTest" time="0.0"/>
  <testcase name="testNoParamsExecute" classname="org.apache.commons.dbutils.QueryRunnerTest" time="0.0"/>
  <testcase name="testGoodUpdate" classname="org.apache.commons.dbutils.QueryRunnerTest" time="0.016"/>
  <testcase name="testGoodBatchInsert" classname="org.apache.commons.dbutils.QueryRunnerTest" time="0.0"/>
  <testcase name="testBadPrepareConnection" classname="org.apache.commons.dbutils.QueryRunnerTest" time="0.007"/>
  <testcase name="testFillStatementWithBeanNullNames" classname="org.apache.commons.dbutils.QueryRunnerTest" time="0.0"/>
  <testcase name="testGoodQueryPmdTrue" classname="org.apache.commons.dbutils.QueryRunnerTest" time="0.009"/>
  <testcase name="testTooManyParamsExecuteWithResultSet" classname="org.apache.commons.dbutils.QueryRunnerTest" time="0.0"/>
  <testcase name="testAddBatchExceptionOnAdd" classname="org.apache.commons.dbutils.QueryRunnerTest" time="0.0">
    <system-out><![CDATA[[TEST] The following exception is expected:
java.sql.SQLException:  Query: select * from blah where ? = ? Parameters: [[unit, unit], [test, test]]
]]></system-out>
  </testcase>
  <testcase name="testGoodUpdateDefaultConstructor" classname="org.apache.commons.dbutils.QueryRunnerTest" time="0.0"/>
  <testcase name="testNullConnectionBatch" classname="org.apache.commons.dbutils.QueryRunnerTest" time="0.017"/>
  <testcase name="testNullConnectionQuery" classname="org.apache.commons.dbutils.QueryRunnerTest" time="0.0"/>
  <testcase name="testGoodExecutePmdTrue" classname="org.apache.commons.dbutils.QueryRunnerTest" time="0.0"/>
  <testcase name="testNullConnectionExecuteWithResultSet" classname="org.apache.commons.dbutils.QueryRunnerTest" time="0.0"/>
  <testcase name="testTooManyParamsBatch" classname="org.apache.commons.dbutils.QueryRunnerTest" time="0.017">
    <system-out><![CDATA[[TEST] The following exception is expected:
java.sql.SQLException: Wrong number of parameters: expected 2, was given 3 Query: select * from blah where ? = ? Parameters: [[unit, unit, unit], [test, test, test]]
]]></system-out>
  </testcase>
  <testcase name="testNullSqlBatch" classname="org.apache.commons.dbutils.QueryRunnerTest" time="0.003"/>
  <testcase name="testTooManyParamsQuery" classname="org.apache.commons.dbutils.QueryRunnerTest" time="0.002"/>
  <testcase name="testNullSqlQuery" classname="org.apache.commons.dbutils.QueryRunnerTest" time="0.003"/>
  <testcase name="testTooFewParamsBatch" classname="org.apache.commons.dbutils.QueryRunnerTest" time="0.003">
    <system-out><![CDATA[[TEST] The following exception is expected:
java.sql.SQLException: Wrong number of parameters: expected 2, was given 1 Query: select * from blah where ? = ? Parameters: [[unit], [test]]
]]></system-out>
  </testcase>
  <testcase name="testTooFewParamsQuery" classname="org.apache.commons.dbutils.QueryRunnerTest" time="0.003"/>
  <testcase name="testNullSqlExecuteWithResultSet" classname="org.apache.commons.dbutils.QueryRunnerTest" time="0.005"/>
  <testcase name="testNoParamsQuery" classname="org.apache.commons.dbutils.QueryRunnerTest" time="0.005"/>
  <testcase name="testTooManyParamsUpdate" classname="org.apache.commons.dbutils.QueryRunnerTest" time="0.003"/>
  <testcase name="testNullParamsArgBatch" classname="org.apache.commons.dbutils.QueryRunnerTest" time="0.004"/>
  <testcase name="testExecuteBatchExceptionOnExec" classname="org.apache.commons.dbutils.QueryRunnerTest" time="0.004">
    <system-out><![CDATA[[TEST] The following exception is expected:
java.sql.SQLException:  Query: select * from blah where ? = ? Parameters: [[unit, unit], [test, test]]
]]></system-out>
  </testcase>
  <testcase name="testGoodExecuteDefaultConstructor" classname="org.apache.commons.dbutils.QueryRunnerTest" time="0.007"/>
  <testcase name="testGoodBatchDefaultConstructor" classname="org.apache.commons.dbutils.QueryRunnerTest" time="0.004"/>
  <testcase name="testTooFewParamsExecuteWithResultSet" classname="org.apache.commons.dbutils.QueryRunnerTest" time="0.003"/>
  <testcase name="testNullConnectionUpdate" classname="org.apache.commons.dbutils.QueryRunnerTest" time="0.003"/>
  <testcase name="testNullSqlUpdate" classname="org.apache.commons.dbutils.QueryRunnerTest" time="0.003"/>
  <testcase name="testNullHandlerExecuteWithResultSet" classname="org.apache.commons.dbutils.QueryRunnerTest" time="0.004"/>
  <testcase name="testGoodExecuteWithResultSet" classname="org.apache.commons.dbutils.QueryRunnerTest" time="0.009"/>
  <testcase name="testExecuteWithMultipleResultSets" classname="org.apache.commons.dbutils.QueryRunnerTest" time="0.005"/>
  <testcase name="testNullHandlerExecute" classname="org.apache.commons.dbutils.QueryRunnerTest" time="0.003"/>
  <testcase name="testTooManyParamsExecute" classname="org.apache.commons.dbutils.QueryRunnerTest" time="0.002"/>
  <testcase name="testTooFewParamsExecute" classname="org.apache.commons.dbutils.QueryRunnerTest" time="0.003"/>
  <testcase name="testNullConnectionExecute" classname="org.apache.commons.dbutils.QueryRunnerTest" time="0.004"/>
  <testcase name="testExecuteQueryException" classname="org.apache.commons.dbutils.QueryRunnerTest" time="0.002"/>
  <testcase name="testExecuteWithResultSetException" classname="org.apache.commons.dbutils.QueryRunnerTest" time="0.002"/>
  <testcase name="testTooFewParamsUpdate" classname="org.apache.commons.dbutils.QueryRunnerTest" time="0.003"/>
  <testcase name="testNullSqlExecute" classname="org.apache.commons.dbutils.QueryRunnerTest" time="0.003"/>
  <testcase name="testGoodExecuteWithResultSetDefaultConstructor" classname="org.apache.commons.dbutils.QueryRunnerTest" time="0.005"/>
  <testcase name="testExecuteException" classname="org.apache.commons.dbutils.QueryRunnerTest" time="0.002"/>
  <testcase name="testNullParamsBatch" classname="org.apache.commons.dbutils.QueryRunnerTest" time="0.004"/>
  <testcase name="testGoodBatch" classname="org.apache.commons.dbutils.QueryRunnerTest" time="0.0"/>
  <testcase name="testGoodQueryDefaultConstructor" classname="org.apache.commons.dbutils.QueryRunnerTest" time="0.0"/>
  <testcase name="testGoodQuery" classname="org.apache.commons.dbutils.QueryRunnerTest" time="0.0"/>
  <testcase name="testGoodBatchPmdTrue" classname="org.apache.commons.dbutils.QueryRunnerTest" time="0.0"/>
</testsuite>